06-Mar-2022 22:42:35.425 INFO [main] org.apache.catalina.startup.VersionLoggerListener.log 서버 버전 이름:    Apache Tomcat/8.5.76
06-Mar-2022 22:42:35.429 INFO [main] org.apache.catalina.startup.VersionLoggerListener.log Server 빌드 시각:  Feb 23 2022 17:59:11 UTC
06-Mar-2022 22:42:35.429 INFO [main] org.apache.catalina.startup.VersionLoggerListener.log Server 버전 번호:  8.5.76.0
06-Mar-2022 22:42:35.429 INFO [main] org.apache.catalina.startup.VersionLoggerListener.log 운영체제 이름:     Windows 10
06-Mar-2022 22:42:35.429 INFO [main] org.apache.catalina.startup.VersionLoggerListener.log 운영체제 버전:     10.0
06-Mar-2022 22:42:35.429 INFO [main] org.apache.catalina.startup.VersionLoggerListener.log 아키텍처:          amd64
06-Mar-2022 22:42:35.429 INFO [main] org.apache.catalina.startup.VersionLoggerListener.log 자바 홈:           C:\Program Files\Java\jdk-17.0.2
06-Mar-2022 22:42:35.430 INFO [main] org.apache.catalina.startup.VersionLoggerListener.log JVM 버전:          17.0.2+8-LTS-86
06-Mar-2022 22:42:35.430 INFO [main] org.apache.catalina.startup.VersionLoggerListener.log JVM 벤더:          Oracle Corporation
06-Mar-2022 22:42:35.430 INFO [main] org.apache.catalina.startup.VersionLoggerListener.log CATALINA_BASE:     C:\Users\user\Desktop\Yeoun Su\github\JSP\apache-tomcat-8.5.76
06-Mar-2022 22:42:35.430 INFO [main] org.apache.catalina.startup.VersionLoggerListener.log CATALINA_HOME:     C:\Users\user\Desktop\Yeoun Su\github\JSP\apache-tomcat-8.5.76
06-Mar-2022 22:42:35.430 INFO [main] org.apache.catalina.startup.VersionLoggerListener.log 명령 행 아규먼트:  --add-opens=java.base/java.lang=ALL-UNNAMED
06-Mar-2022 22:42:35.431 INFO [main] org.apache.catalina.startup.VersionLoggerListener.log 명령 행 아규먼트:  --add-opens=java.base/java.io=ALL-UNNAMED
06-Mar-2022 22:42:35.431 INFO [main] org.apache.catalina.startup.VersionLoggerListener.log 명령 행 아규먼트:  --add-opens=java.base/java.util=ALL-UNNAMED
06-Mar-2022 22:42:35.431 INFO [main] org.apache.catalina.startup.VersionLoggerListener.log 명령 행 아규먼트:  --add-opens=java.base/java.util.concurrent=ALL-UNNAMED
06-Mar-2022 22:42:35.432 INFO [main] org.apache.catalina.startup.VersionLoggerListener.log 명령 행 아규먼트:  --add-opens=java.rmi/sun.rmi.transport=ALL-UNNAMED
06-Mar-2022 22:42:35.432 INFO [main] org.apache.catalina.startup.VersionLoggerListener.log 명령 행 아규먼트:  -Djava.util.logging.config.file=C:\Users\user\Desktop\Yeoun Su\github\JSP\apache-tomcat-8.5.76\conf\logging.properties
06-Mar-2022 22:42:35.432 INFO [main] org.apache.catalina.startup.VersionLoggerListener.log 명령 행 아규먼트:  -Djava.util.logging.manager=org.apache.juli.ClassLoaderLogManager
06-Mar-2022 22:42:35.433 INFO [main] org.apache.catalina.startup.VersionLoggerListener.log 명령 행 아규먼트:  -Djdk.tls.ephemeralDHKeySize=2048
06-Mar-2022 22:42:35.433 INFO [main] org.apache.catalina.startup.VersionLoggerListener.log 명령 행 아규먼트:  -Djava.protocol.handler.pkgs=org.apache.catalina.webresources
06-Mar-2022 22:42:35.433 INFO [main] org.apache.catalina.startup.VersionLoggerListener.log 명령 행 아규먼트:  -Dignore.endorsed.dirs=
06-Mar-2022 22:42:35.434 INFO [main] org.apache.catalina.startup.VersionLoggerListener.log 명령 행 아규먼트:  -Dcatalina.base=C:\Users\user\Desktop\Yeoun Su\github\JSP\apache-tomcat-8.5.76
06-Mar-2022 22:42:35.434 INFO [main] org.apache.catalina.startup.VersionLoggerListener.log 명령 행 아규먼트:  -Dcatalina.home=C:\Users\user\Desktop\Yeoun Su\github\JSP\apache-tomcat-8.5.76
06-Mar-2022 22:42:35.435 INFO [main] org.apache.catalina.startup.VersionLoggerListener.log 명령 행 아규먼트:  -Djava.io.tmpdir=C:\Users\user\Desktop\Yeoun Su\github\JSP\apache-tomcat-8.5.76\temp
06-Mar-2022 22:42:35.435 INFO [main] org.apache.catalina.core.AprLifecycleListener.lifecycleEvent APR 버전 [1.7.0]을(를) 사용한, APR 기반 Apache Tomcat Native 라이브러리 [1.2.31]을(를) 로드했습니다.
06-Mar-2022 22:42:35.436 INFO [main] org.apache.catalina.core.AprLifecycleListener.lifecycleEvent APR 용량정보들: IPv6 [true], sendfile [true], accept filters [false], random [true].
06-Mar-2022 22:42:35.436 INFO [main] org.apache.catalina.core.AprLifecycleListener.lifecycleEvent APR/OpenSSL 설정: useAprConnector [false], useOpenSSL [true]
06-Mar-2022 22:42:35.441 INFO [main] org.apache.catalina.core.AprLifecycleListener.initializeSSL OpenSSL이 성공적으로 초기화되었습니다: [OpenSSL 1.1.1l  24 Aug 2021]
06-Mar-2022 22:42:35.473 INFO [main] org.apache.coyote.AbstractProtocol.init 프로토콜 핸들러 ["http-nio-8080"]을(를) 초기화합니다.
06-Mar-2022 22:42:35.491 INFO [main] org.apache.catalina.startup.Catalina.load Initialization processed in 367 ms
06-Mar-2022 22:42:35.522 INFO [main] org.apache.catalina.core.StandardService.startInternal 서비스 [Catalina]을(를) 시작합니다.
06-Mar-2022 22:42:35.523 INFO [main] org.apache.catalina.core.StandardEngine.startInternal 서버 엔진을 시작합니다: [Apache Tomcat/8.5.76]
06-Mar-2022 22:42:35.533 INFO [localhost-startStop-1] org.apache.catalina.startup.HostConfig.deployDirectory 웹 애플리케이션 디렉토리 [C:\Users\user\Desktop\Yeoun Su\github\JSP\apache-tomcat-8.5.76\webapps\docs]을(를) 배치합니다.
06-Mar-2022 22:42:35.785 INFO [localhost-startStop-1] org.apache.catalina.startup.HostConfig.deployDirectory 웹 애플리케이션 디렉토리 [C:\Users\user\Desktop\Yeoun Su\github\JSP\apache-tomcat-8.5.76\webapps\docs]에 대한 배치가 [251] 밀리초에 완료되었습니다.
06-Mar-2022 22:42:35.788 INFO [localhost-startStop-1] org.apache.catalina.startup.HostConfig.deployDirectory 웹 애플리케이션 디렉토리 [C:\Users\user\Desktop\Yeoun Su\github\JSP\apache-tomcat-8.5.76\webapps\examples]을(를) 배치합니다.
06-Mar-2022 22:42:36.203 INFO [localhost-startStop-1] org.apache.catalina.startup.HostConfig.deployDirectory 웹 애플리케이션 디렉토리 [C:\Users\user\Desktop\Yeoun Su\github\JSP\apache-tomcat-8.5.76\webapps\examples]에 대한 배치가 [414] 밀리초에 완료되었습니다.
06-Mar-2022 22:42:36.204 INFO [localhost-startStop-1] org.apache.catalina.startup.HostConfig.deployDirectory 웹 애플리케이션 디렉토리 [C:\Users\user\Desktop\Yeoun Su\github\JSP\apache-tomcat-8.5.76\webapps\host-manager]을(를) 배치합니다.
06-Mar-2022 22:42:36.253 INFO [localhost-startStop-1] org.apache.catalina.startup.HostConfig.deployDirectory 웹 애플리케이션 디렉토리 [C:\Users\user\Desktop\Yeoun Su\github\JSP\apache-tomcat-8.5.76\webapps\host-manager]에 대한 배치가 [49] 밀리초에 완료되었습니다.
06-Mar-2022 22:42:36.254 INFO [localhost-startStop-1] org.apache.catalina.startup.HostConfig.deployDirectory 웹 애플리케이션 디렉토리 [C:\Users\user\Desktop\Yeoun Su\github\JSP\apache-tomcat-8.5.76\webapps\manager]을(를) 배치합니다.
06-Mar-2022 22:42:36.301 INFO [localhost-startStop-1] org.apache.catalina.startup.HostConfig.deployDirectory 웹 애플리케이션 디렉토리 [C:\Users\user\Desktop\Yeoun Su\github\JSP\apache-tomcat-8.5.76\webapps\manager]에 대한 배치가 [47] 밀리초에 완료되었습니다.
06-Mar-2022 22:42:36.302 INFO [localhost-startStop-1] org.apache.catalina.startup.HostConfig.deployDirectory 웹 애플리케이션 디렉토리 [C:\Users\user\Desktop\Yeoun Su\github\JSP\apache-tomcat-8.5.76\webapps\ROOT]을(를) 배치합니다.
06-Mar-2022 22:42:36.330 INFO [localhost-startStop-1] org.apache.catalina.startup.HostConfig.deployDirectory 웹 애플리케이션 디렉토리 [C:\Users\user\Desktop\Yeoun Su\github\JSP\apache-tomcat-8.5.76\webapps\ROOT]에 대한 배치가 [28] 밀리초에 완료되었습니다.
06-Mar-2022 22:42:36.333 INFO [main] org.apache.coyote.AbstractProtocol.start 프로토콜 핸들러 ["http-nio-8080"]을(를) 시작합니다.
06-Mar-2022 22:42:36.380 INFO [main] org.apache.catalina.startup.Catalina.start Server startup in 888 ms
06-Mar-2022 22:43:28.248 INFO [main] org.apache.catalina.startup.VersionLoggerListener.log 서버 버전 이름:    Apache Tomcat/8.5.76
06-Mar-2022 22:43:28.250 INFO [main] org.apache.catalina.startup.VersionLoggerListener.log Server 빌드 시각:  Feb 23 2022 17:59:11 UTC
06-Mar-2022 22:43:28.250 INFO [main] org.apache.catalina.startup.VersionLoggerListener.log Server 버전 번호:  8.5.76.0
06-Mar-2022 22:43:28.250 INFO [main] org.apache.catalina.startup.VersionLoggerListener.log 운영체제 이름:     Windows 10
06-Mar-2022 22:43:28.251 INFO [main] org.apache.catalina.startup.VersionLoggerListener.log 운영체제 버전:     10.0
06-Mar-2022 22:43:28.251 INFO [main] org.apache.catalina.startup.VersionLoggerListener.log 아키텍처:          amd64
06-Mar-2022 22:43:28.251 INFO [main] org.apache.catalina.startup.VersionLoggerListener.log 자바 홈:           C:\Program Files\Java\jdk-17.0.2
06-Mar-2022 22:43:28.251 INFO [main] org.apache.catalina.startup.VersionLoggerListener.log JVM 버전:          17.0.2+8-LTS-86
06-Mar-2022 22:43:28.251 INFO [main] org.apache.catalina.startup.VersionLoggerListener.log JVM 벤더:          Oracle Corporation
06-Mar-2022 22:43:28.251 INFO [main] org.apache.catalina.startup.VersionLoggerListener.log CATALINA_BASE:     C:\Users\user\Desktop\Yeoun Su\github\JSP\apache-tomcat-8.5.76
06-Mar-2022 22:43:28.251 INFO [main] org.apache.catalina.startup.VersionLoggerListener.log CATALINA_HOME:     C:\Users\user\Desktop\Yeoun Su\github\JSP\apache-tomcat-8.5.76
06-Mar-2022 22:43:28.252 INFO [main] org.apache.catalina.startup.VersionLoggerListener.log 명령 행 아규먼트:  --add-opens=java.base/java.lang=ALL-UNNAMED
06-Mar-2022 22:43:28.252 INFO [main] org.apache.catalina.startup.VersionLoggerListener.log 명령 행 아규먼트:  --add-opens=java.base/java.io=ALL-UNNAMED
06-Mar-2022 22:43:28.252 INFO [main] org.apache.catalina.startup.VersionLoggerListener.log 명령 행 아규먼트:  --add-opens=java.base/java.util=ALL-UNNAMED
06-Mar-2022 22:43:28.253 INFO [main] org.apache.catalina.startup.VersionLoggerListener.log 명령 행 아규먼트:  --add-opens=java.base/java.util.concurrent=ALL-UNNAMED
06-Mar-2022 22:43:28.253 INFO [main] org.apache.catalina.startup.VersionLoggerListener.log 명령 행 아규먼트:  --add-opens=java.rmi/sun.rmi.transport=ALL-UNNAMED
06-Mar-2022 22:43:28.254 INFO [main] org.apache.catalina.startup.VersionLoggerListener.log 명령 행 아규먼트:  -Djava.util.logging.config.file=C:\Users\user\Desktop\Yeoun Su\github\JSP\apache-tomcat-8.5.76\conf\logging.properties
06-Mar-2022 22:43:28.254 INFO [main] org.apache.catalina.startup.VersionLoggerListener.log 명령 행 아규먼트:  -Djava.util.logging.manager=org.apache.juli.ClassLoaderLogManager
06-Mar-2022 22:43:28.254 INFO [main] org.apache.catalina.startup.VersionLoggerListener.log 명령 행 아규먼트:  -Djdk.tls.ephemeralDHKeySize=2048
06-Mar-2022 22:43:28.255 INFO [main] org.apache.catalina.startup.VersionLoggerListener.log 명령 행 아규먼트:  -Djava.protocol.handler.pkgs=org.apache.catalina.webresources
06-Mar-2022 22:43:28.255 INFO [main] org.apache.catalina.startup.VersionLoggerListener.log 명령 행 아규먼트:  -Dignore.endorsed.dirs=
06-Mar-2022 22:43:28.256 INFO [main] org.apache.catalina.startup.VersionLoggerListener.log 명령 행 아규먼트:  -Dcatalina.base=C:\Users\user\Desktop\Yeoun Su\github\JSP\apache-tomcat-8.5.76
06-Mar-2022 22:43:28.256 INFO [main] org.apache.catalina.startup.VersionLoggerListener.log 명령 행 아규먼트:  -Dcatalina.home=C:\Users\user\Desktop\Yeoun Su\github\JSP\apache-tomcat-8.5.76
06-Mar-2022 22:43:28.256 INFO [main] org.apache.catalina.startup.VersionLoggerListener.log 명령 행 아규먼트:  -Djava.io.tmpdir=C:\Users\user\Desktop\Yeoun Su\github\JSP\apache-tomcat-8.5.76\temp
06-Mar-2022 22:43:28.256 INFO [main] org.apache.catalina.core.AprLifecycleListener.lifecycleEvent APR 버전 [1.7.0]을(를) 사용한, APR 기반 Apache Tomcat Native 라이브러리 [1.2.31]을(를) 로드했습니다.
06-Mar-2022 22:43:28.256 INFO [main] org.apache.catalina.core.AprLifecycleListener.lifecycleEvent APR 용량정보들: IPv6 [true], sendfile [true], accept filters [false], random [true].
06-Mar-2022 22:43:28.256 INFO [main] org.apache.catalina.core.AprLifecycleListener.lifecycleEvent APR/OpenSSL 설정: useAprConnector [false], useOpenSSL [true]
06-Mar-2022 22:43:28.261 INFO [main] org.apache.catalina.core.AprLifecycleListener.initializeSSL OpenSSL이 성공적으로 초기화되었습니다: [OpenSSL 1.1.1l  24 Aug 2021]
06-Mar-2022 22:43:28.295 INFO [main] org.apache.coyote.AbstractProtocol.init 프로토콜 핸들러 ["http-nio-8080"]을(를) 초기화합니다.
06-Mar-2022 22:43:28.314 INFO [main] org.apache.catalina.startup.Catalina.load Initialization processed in 367 ms
06-Mar-2022 22:43:28.343 INFO [main] org.apache.catalina.core.StandardService.startInternal 서비스 [Catalina]을(를) 시작합니다.
06-Mar-2022 22:43:28.345 INFO [main] org.apache.catalina.core.StandardEngine.startInternal 서버 엔진을 시작합니다: [Apache Tomcat/8.5.76]
06-Mar-2022 22:43:28.352 INFO [localhost-startStop-1] org.apache.catalina.startup.HostConfig.deployDirectory 웹 애플리케이션 디렉토리 [C:\Users\user\Desktop\Yeoun Su\github\JSP\apache-tomcat-8.5.76\webapps\docs]을(를) 배치합니다.
06-Mar-2022 22:43:28.594 INFO [localhost-startStop-1] org.apache.catalina.startup.HostConfig.deployDirectory 웹 애플리케이션 디렉토리 [C:\Users\user\Desktop\Yeoun Su\github\JSP\apache-tomcat-8.5.76\webapps\docs]에 대한 배치가 [241] 밀리초에 완료되었습니다.
06-Mar-2022 22:43:28.596 INFO [localhost-startStop-1] org.apache.catalina.startup.HostConfig.deployDirectory 웹 애플리케이션 디렉토리 [C:\Users\user\Desktop\Yeoun Su\github\JSP\apache-tomcat-8.5.76\webapps\examples]을(를) 배치합니다.
06-Mar-2022 22:43:28.990 INFO [localhost-startStop-1] org.apache.catalina.startup.HostConfig.deployDirectory 웹 애플리케이션 디렉토리 [C:\Users\user\Desktop\Yeoun Su\github\JSP\apache-tomcat-8.5.76\webapps\examples]에 대한 배치가 [394] 밀리초에 완료되었습니다.
06-Mar-2022 22:43:28.991 INFO [localhost-startStop-1] org.apache.catalina.startup.HostConfig.deployDirectory 웹 애플리케이션 디렉토리 [C:\Users\user\Desktop\Yeoun Su\github\JSP\apache-tomcat-8.5.76\webapps\host-manager]을(를) 배치합니다.
06-Mar-2022 22:43:29.034 INFO [localhost-startStop-1] org.apache.catalina.startup.HostConfig.deployDirectory 웹 애플리케이션 디렉토리 [C:\Users\user\Desktop\Yeoun Su\github\JSP\apache-tomcat-8.5.76\webapps\host-manager]에 대한 배치가 [43] 밀리초에 완료되었습니다.
06-Mar-2022 22:43:29.035 INFO [localhost-startStop-1] org.apache.catalina.startup.HostConfig.deployDirectory 웹 애플리케이션 디렉토리 [C:\Users\user\Desktop\Yeoun Su\github\JSP\apache-tomcat-8.5.76\webapps\manager]을(를) 배치합니다.
06-Mar-2022 22:43:29.080 INFO [localhost-startStop-1] org.apache.catalina.startup.HostConfig.deployDirectory 웹 애플리케이션 디렉토리 [C:\Users\user\Desktop\Yeoun Su\github\JSP\apache-tomcat-8.5.76\webapps\manager]에 대한 배치가 [45] 밀리초에 완료되었습니다.
06-Mar-2022 22:43:29.081 INFO [localhost-startStop-1] org.apache.catalina.startup.HostConfig.deployDirectory 웹 애플리케이션 디렉토리 [C:\Users\user\Desktop\Yeoun Su\github\JSP\apache-tomcat-8.5.76\webapps\ROOT]을(를) 배치합니다.
06-Mar-2022 22:43:29.105 INFO [localhost-startStop-1] org.apache.catalina.startup.HostConfig.deployDirectory 웹 애플리케이션 디렉토리 [C:\Users\user\Desktop\Yeoun Su\github\JSP\apache-tomcat-8.5.76\webapps\ROOT]에 대한 배치가 [24] 밀리초에 완료되었습니다.
06-Mar-2022 22:43:29.107 INFO [main] org.apache.coyote.AbstractProtocol.start 프로토콜 핸들러 ["http-nio-8080"]을(를) 시작합니다.
06-Mar-2022 22:43:29.153 INFO [main] org.apache.catalina.startup.Catalina.start Server startup in 838 ms
